#
# A fatal error has been detected by the Java Runtime Environment:
#
#  EXCEPTION_ACCESS_VIOLATION (0xc0000005) at pc=0xffffffffffffffff, pid=10424, tid=14504
#
# JRE version: OpenJDK Runtime Environment (20.0.1+9) (build 20.0.1+9-29)
# Java VM: OpenJDK 64-Bit Server VM (20.0.1+9-29, mixed mode, sharing, tiered, compressed oops, compressed class ptrs, g1 gc, windows-amd64)
# Problematic frame:
# C  [jdwp.dll+0x1611f]
#
# No core dump will be written. Minidumps are not enabled by default on client versions of Windows
#
# If you would like to submit a bug report, please visit:
#   https://bugreport.java.com/bugreport/crash.jsp
# The crash happened outside the Java Virtual Machine in native code.
# See problematic frame for where to report the bug.
#

---------------  S U M M A R Y ------------

Command Line: -agentlib:jdwp=transport=dt_socket,address=127.0.0.1:51185,suspend=y,server=n -javaagent:C:\Users\User\AppData\Local\JetBrains\IdeaIC2023.3\captureAgent\debugger-agent.jar -Dfile.encoding=UTF-8 -Dsun.stdout.encoding=UTF-8 -Dsun.stderr.encoding=UTF-8 Main -ea

Host: Intel(R) Core(TM) i5-9400F CPU @ 2.90GHz, 6 cores, 31G,  Windows 11 , 64 bit Build 22621 (10.0.22621.2506)
Time: Fri Jan  5 14:51:43 2024 Mitteleuropäische Zeit elapsed time: 1.159836 seconds (0d 0h 0m 1s)

---------------  T H R E A D  ---------------

Current thread (0x000002b9cd1c14c0):  JavaThread "main" [_thread_in_native, id=14504, stack(0x000000e9d9400000,0x000000e9d9500000)]

Stack: [0x000000e9d9400000,0x000000e9d9500000],  sp=0x000000e9d94fef50,  free space=1019k
Native frames: (J=compiled Java code, j=interpreted, Vv=VM code, C=native code)
C  0xffffffffffffffff

Java frames: (J=compiled Java code, j=interpreted, Vv=VM code)
j  gmen.Window.changeScene(I)V+4
j  gmen.Window.init()V+110
j  gmen.Window.run()V+9
j  Main.main([Ljava/lang/String;)V+5
v  ~StubRoutines::call_stub 0x000002b9ddf8100d

siginfo: EXCEPTION_ACCESS_VIOLATION (0xc0000005), data execution prevention violation at address 0xffffffffffffffff


Registers:
RAX=0x000002b9fe6f4000, RBX=0x000002b9f3b41e20, RCX=0x000002b9cd1c17a0, RDX=0x000002b9f3b41e20
RSP=0x000000e9d94fef48, RBP=0x0000000000000002, RSI=0x000000e9d94feff0, RDI=0x000002b9cd1c17a0
R8 =0x0000000000010002, R9 =0x0000000000000000, R10=0x00007ffb81210000, R11=0x000000e9d94fef18
R12=0x0000000000000007, R13=0x000002b9cd1ab890, R14=0x00007ffb68360300, R15=0x0000000000000000
RIP=0xffffffffffffffff, EFLAGS=0x0000000000010202


Register to memory mapping:

RIP=0xffffffffffffffff is an unknown value
RAX=0x000002b9fe6f4000 points into unknown readable memory: 0x0000000000000000 | 00 00 00 00 00 00 00 00
RBX=0x000002b9f3b41e20 points into unknown readable memory: 0x0000000621009a80 | 80 9a 00 21 06 00 00 00
RCX=0x000002b9cd1c17a0 points into unknown readable memory: 0x000002b9fe6f4000 | 00 40 6f fe b9 02 00 00
RDX=0x000002b9f3b41e20 points into unknown readable memory: 0x0000000621009a80 | 80 9a 00 21 06 00 00 00
RSP=0x000000e9d94fef48 is pointing into the stack for thread: 0x000002b9cd1c14c0
RBP=0x0000000000000002 is an unknown value
RSI=0x000000e9d94feff0 is pointing into the stack for thread: 0x000002b9cd1c14c0
RDI=0x000002b9cd1c17a0 points into unknown readable memory: 0x000002b9fe6f4000 | 00 40 6f fe b9 02 00 00
R8 =0x0000000000010002 is an unknown value
R9 =0x0 is NULL
R10=0x00007ffb81210000 VCRUNTIME140.dll
R11=0x000000e9d94fef18 is pointing into the stack for thread: 0x000002b9cd1c14c0
R12=0x0000000000000007 is an unknown value
R13=0x000002b9cd1ab890 points into unknown readable memory: 0x00007ffb2ae2e370 | 70 e3 e2 2a fb 7f 00 00
R14=0x00007ffb68360300 jdwp.dll
R15=0x0 is NULL


Top of Stack: (sp=0x000000e9d94fef48)
0x000000e9d94fef48:   00007ffb6834611f 000002b9f3b41e20
0x000000e9d94fef58:   000000e9d94feff0 0000000000000000
0x000000e9d94fef68:   0000000000000000 00007ffb2ae220b0
0x000000e9d94fef78:   00000000000038a8 000002b9ccf3f758
0x000000e9d94fef88:   00007ffb68360348 000002b9f3b41e20
0x000000e9d94fef98:   00007ffb6834279f 000002b9f3b41e20
0x000000e9d94fefa8:   0000000000000002 000002b9cd1c17a0
0x000000e9d94fefb8:   000002b9f3b41e28 000000e9d94ff150
0x000000e9d94fefc8:   00007ffb2a87d4cd 0000000801002cb4
0x000000e9d94fefd8:   000000e9d94ff150 000000e9d94ff150
0x000000e9d94fefe8:   00007ffb2a9711ef 0000000000000007
0x000000e9d94feff8:   000002b9f3b41e20 0000000000000000
0x000000e9d94ff008:   000002b9f3b41e28 0000000000000000
0x000000e9d94ff018:   0000000000000000 0000000000000000
0x000000e9d94ff028:   0000000000000000 0000000000000000
0x000000e9d94ff038:   0000000000000000 0000000000000000
0x000000e9d94ff048:   000002b9f3b41e20 0000000801002c10
0x000000e9d94ff058:   00007ffb2a858f85 000002b9f3b41e28
0x000000e9d94ff068:   000002b9f3cb7180 000002b9cd1c14c0
0x000000e9d94ff078:   00007ffb2a87e6f5 000002b9ccf3f718
0x000000e9d94ff088:   00007ffb2a6a8a26 0000000000000000
0x000000e9d94ff098:   000002b9cd1bdbc0 000002b9cd1c14c0
0x000000e9d94ff0a8:   000000080060e218 000002b9cd1ad250
0x000000e9d94ff0b8:   000002b9cd1c1a10 000002b9cd1c1a20
0x000000e9d94ff0c8:   000002b9cd1c1df8 00000000000003d8
0x000000e9d94ff0d8:   000002b9cd1c14c0 000002b9cd1c14c0
0x000000e9d94ff0e8:   000002b9cd1ad890 000002b9cd1c1e00
0x000000e9d94ff0f8:   000002b9cd1c1e28 000002b9cd1c1ee8
0x000000e9d94ff108:   00000000000000d8 000000e9d94ff120
0x000000e9d94ff118:   000000e9d94ff250 000002b9cd1c14c0
0x000000e9d94ff128:   000002b9cd1ad890 000002b9cd1c1e00
0x000000e9d94ff138:   000002b9cd1c1e28 000002b9cd1c1ee8 

Instructions: (pc=0x00007ffb6834611f)
0x00007ffb6834601f:   2c 41 b8 61 02 00 00 48 8d 0d 6b 6f 01 00 48 8b
0x00007ffb6834602f:   d3 e8 cb 50 00 00 41 8b cc e8 33 a0 ff ff 48 8b
0x00007ffb6834603f:   d0 48 8d 0d 49 a4 01 00 e8 5c 51 00 00 4c 8b 4e
0x00007ffb6834604f:   28 48 8d 0d 51 a4 01 00 4c 8b 46 20 48 8b 56 08
0x00007ffb6834605f:   e8 00 0d 01 00 48 8b 05 c5 10 02 00 f6 80 10 02
0x00007ffb6834606f:   00 00 02 74 28 41 b8 6a 02 00 00 48 8d 0d 83 63
0x00007ffb6834607f:   01 00 48 8b d3 e8 77 50 00 00 48 8d 15 68 64 01
0x00007ffb6834608f:   00 48 8d 0d 81 63 01 00 e8 0c 51 00 00 48 8b 07
0x00007ffb6834609f:   48 8b cf ff 50 78 48 8b 0d 84 10 02 00 4c 8b f8
0x00007ffb683460af:   f6 81 10 02 00 00 02 74 28 41 b8 6b 02 00 00 48
0x00007ffb683460bf:   8d 0d 3f 63 01 00 48 8b d3 e8 33 50 00 00 48 8d
0x00007ffb683460cf:   15 5c 64 01 00 48 8d 0d 3d 63 01 00 e8 c8 50 00
0x00007ffb683460df:   00 48 8b 07 48 8b cf ff 90 88 00 00 00 83 3d f9
0x00007ffb683460ef:   0b 02 00 00 76 0c e8 6e 5c ff ff 83 25 eb 0b 02
0x00007ffb683460ff:   00 00 48 8b 5e 08 48 85 db 74 4b 48 8b 05 1f 10
0x00007ffb6834610f:   02 00 80 78 13 00 74 0b 48 8b cb e8 a9 06 01 00
0x00007ffb6834611f:   88 46 10 4d 8b c7 48 8b d6 41 8a ce e8 d8 a0 00
0x00007ffb6834612f:   00 48 8b e8 48 85 c0 75 25 48 8b cb e8 c4 44 00
0x00007ffb6834613f:   00 84 c0 0f 84 ea 00 00 00 48 8b d3 41 8a ce e8
0x00007ffb6834614f:   ad 13 00 00 eb e3 e8 0e 0e 00 00 48 8b e8 4c 8b
0x00007ffb6834615f:   cd 44 88 74 24 20 45 8b c4 48 8b d6 48 8b cf e8
0x00007ffb6834616f:   e1 00 00 00 83 3e 14 75 0b 48 8b 05 b1 0f 02 00
0x00007ffb6834617f:   c6 40 10 01 48 85 db 75 08 48 8b cd e8 ac 53 ff
0x00007ffb6834618f:   ff 48 8b 05 99 0f 02 00 4d 85 ff 74 43 f6 80 10
0x00007ffb6834619f:   02 00 00 02 74 2c 41 b8 b3 02 00 00 48 8d 15 96
0x00007ffb683461af:   a1 01 00 48 8d 0d 4b 62 01 00 e8 42 4f 00 00 48
0x00007ffb683461bf:   8d 15 db 7d 01 00 48 8d 0d 4c 62 01 00 e8 d7 4f
0x00007ffb683461cf:   00 00 48 8b 07 49 8b d7 48 8b cf ff 50 68 eb 41
0x00007ffb683461df:   f6 80 10 02 00 00 02 74 2c 41 b8 b5 02 00 00 48
0x00007ffb683461ef:   8d 15 53 a1 01 00 48 8d 0d 08 62 01 00 e8 ff 4e
0x00007ffb683461ff:   00 00 48 8d 15 28 63 01 00 48 8d 0d 09 62 01 00
0x00007ffb6834620f:   e8 94 4f 00 00 48 8b 07 48 8b cf ff 90 88 00 00 


Stack slot to memory mapping:
stack at sp + 0 slots: 0x000002b9f3b41e20 points into unknown readable memory: 0x0000000621009a80 | 80 9a 00 21 06 00 00 00
stack at sp + 1 slots: 0x000000e9d94feff0 is pointing into the stack for thread: 0x000002b9cd1c14c0
stack at sp + 2 slots: 0x0 is NULL
stack at sp + 3 slots: 0x0 is NULL
stack at sp + 4 slots: 0x00007ffb2ae220b0 jvm.dll
stack at sp + 5 slots: 0x00000000000038a8 is an unknown value
stack at sp + 6 slots: 0x000002b9ccf3f758 points into unknown readable memory: 0x8000000400000001 | 01 00 00 00 04 00 00 80
stack at sp + 7 slots: 0x00007ffb68360348 jdwp.dll


---------------  P R O C E S S  ---------------

Threads class SMR info:
_java_thread_list=0x000002b9f8935af0, length=15, elements={
0x000002b9cd1c14c0, 0x000002b9f3b5d590, 0x000002b9f3b5e390, 0x000002b9f3b62840,
0x000002b9f3b662a0, 0x000002b9f3b66be0, 0x000002b9f3b67650, 0x000002b9f3b77d40,
0x000002b9f3ba02f0, 0x000002b9f14ca4b0, 0x000002b9f3d442b0, 0x000002b9f3d48d40,
0x000002b9f3da8570, 0x000002b9f3de81e0, 0x000002b9fe5eecb0
}

Java Threads: ( => current thread )
=>0x000002b9cd1c14c0 JavaThread "main" [_thread_in_native, id=14504, stack(0x000000e9d9400000,0x000000e9d9500000)]
  0x000002b9f3b5d590 JavaThread "Reference Handler" daemon [_thread_blocked, id=4904, stack(0x000000e9d9b00000,0x000000e9d9c00000)]
  0x000002b9f3b5e390 JavaThread "Finalizer" daemon [_thread_blocked, id=7356, stack(0x000000e9d9c00000,0x000000e9d9d00000)]
  0x000002b9f3b62840 JavaThread "Signal Dispatcher" daemon [_thread_blocked, id=19268, stack(0x000000e9d9d00000,0x000000e9d9e00000)]
  0x000002b9f3b662a0 JavaThread "Attach Listener" daemon [_thread_blocked, id=9784, stack(0x000000e9d9e00000,0x000000e9d9f00000)]
  0x000002b9f3b66be0 JavaThread "Service Thread" daemon [_thread_blocked, id=10884, stack(0x000000e9d9f00000,0x000000e9da000000)]
  0x000002b9f3b67650 JavaThread "Monitor Deflation Thread" daemon [_thread_blocked, id=12368, stack(0x000000e9da000000,0x000000e9da100000)]
  0x000002b9f3b77d40 JavaThread "C2 CompilerThread0" daemon [_thread_blocked, id=12740, stack(0x000000e9da100000,0x000000e9da200000)]
  0x000002b9f3ba02f0 JavaThread "C1 CompilerThread0" daemon [_thread_blocked, id=19236, stack(0x000000e9da200000,0x000000e9da300000)]
  0x000002b9f14ca4b0 JavaThread "Common-Cleaner" daemon [_thread_blocked, id=6196, stack(0x000000e9da300000,0x000000e9da400000)]
  0x000002b9f3d442b0 JavaThread "JDWP Transport Listener: dt_socket" daemon [_thread_blocked, id=7588, stack(0x000000e9da400000,0x000000e9da500000)]
  0x000002b9f3d48d40 JavaThread "JDWP Event Helper Thread" daemon [_thread_blocked, id=16144, stack(0x000000e9da500000,0x000000e9da600000)]
  0x000002b9f3da8570 JavaThread "JDWP Command Reader" daemon [_thread_in_native, id=18964, stack(0x000000e9da600000,0x000000e9da700000)]
  0x000002b9f3de81e0 JavaThread "Notification Thread" daemon [_thread_blocked, id=1292, stack(0x000000e9da700000,0x000000e9da800000)]
  0x000002b9fe5eecb0 JavaThread "C2 CompilerThread1" daemon [_thread_blocked, id=17092, stack(0x000000e9daf00000,0x000000e9db000000)]

Other Threads:
  0x000002b9f3b3ffa0 VMThread "VM Thread" [stack: 0x000000e9d9a00000,0x000000e9d9b00000] [id=13588]
  0x000002b9f3de8730 WatcherThread "VM Periodic Task Thread" [stack: 0x000000e9da800000,0x000000e9da900000] [id=14316]
  0x000002b9cd2715a0 WorkerThread "GC Thread#0" [stack: 0x000000e9d9500000,0x000000e9d9600000] [id=18456]
  0x000002b9cd27e5c0 ConcurrentGCThread "G1 Main Marker" [stack: 0x000000e9d9600000,0x000000e9d9700000] [id=11912]
  0x000002b9f12d4960 WorkerThread "G1 Conc#0" [stack: 0x000000e9d9700000,0x000000e9d9800000] [id=10600]
  0x000002b9f138bfc0 ConcurrentGCThread "G1 Refine#0" [stack: 0x000000e9d9800000,0x000000e9d9900000] [id=2108]
  0x000002b9f138da70 ConcurrentGCThread "G1 Service" [stack: 0x000000e9d9900000,0x000000e9d9a00000] [id=15788]

Threads with active compile tasks:

VM state: not at safepoint (normal execution)

VM Mutex/Monitor currently owned by a thread: None

Heap address: 0x0000000601400000, size: 8172 MB, Compressed Oops mode: Zero based, Oop shift amount: 3

CDS archive(s) mapped at: [0x0000000800000000-0x0000000800c60000-0x0000000800c60000), size 12976128, SharedBaseAddress: 0x0000000800000000, ArchiveRelocationMode: 0.
Compressed class space mapped at: 0x0000000801000000-0x0000000841000000, reserved size: 1073741824
Narrow klass base: 0x0000000800000000, Narrow klass shift: 0, Narrow klass range: 0x100000000

GC Precious Log:
 CardTable entry size: 512
 Card Set container configuration: InlinePtr #cards 4 size 8 Array Of Cards #cards 32 size 80 Howl #buckets 8 coarsen threshold 7372 Howl Bitmap #cards 1024 size 144 coarsen threshold 921 Card regions per heap region 1 cards per card region 8192
 CPUs: 6 total, 6 available
 Memory: 32683M
 Large Page Support: Disabled
 NUMA Support: Disabled
 Compressed Oops: Enabled (Zero based)
 Heap Region Size: 4M
 Heap Min Capacity: 8M
 Heap Initial Capacity: 512M
 Heap Max Capacity: 8172M
 Pre-touch: Disabled
 Parallel Workers: 6
 Concurrent Workers: 2
 Concurrent Refinement Workers: 6
 Periodic GC: Disabled

Heap:
 garbage-first heap   total 524288K, used 20480K [0x0000000601400000, 0x0000000800000000)
  region size 4096K, 6 young (24576K), 0 survivors (0K)
 Metaspace       used 5678K, committed 5888K, reserved 1114112K
  class space    used 271K, committed 384K, reserved 1048576K

Heap Regions: E=young(eden), S=young(survivor), O=old, HS=humongous(starts), HC=humongous(continues), CS=collection set, F=free, OA=open archive, CA=closed archive, TAMS=top-at-mark-start, PB=parsable bottom
|   0|0x0000000601400000, 0x0000000601400000, 0x0000000601800000|  0%| F|  |TAMS 0x0000000601400000| PB 0x0000000601400000| Untracked 
|   1|0x0000000601800000, 0x0000000601800000, 0x0000000601c00000|  0%| F|  |TAMS 0x0000000601800000| PB 0x0000000601800000| Untracked 
|   2|0x0000000601c00000, 0x0000000601c00000, 0x0000000602000000|  0%| F|  |TAMS 0x0000000601c00000| PB 0x0000000601c00000| Untracked 
|   3|0x0000000602000000, 0x0000000602000000, 0x0000000602400000|  0%| F|  |TAMS 0x0000000602000000| PB 0x0000000602000000| Untracked 
|   4|0x0000000602400000, 0x0000000602400000, 0x0000000602800000|  0%| F|  |TAMS 0x0000000602400000| PB 0x0000000602400000| Untracked 
|   5|0x0000000602800000, 0x0000000602800000, 0x0000000602c00000|  0%| F|  |TAMS 0x0000000602800000| PB 0x0000000602800000| Untracked 
|   6|0x0000000602c00000, 0x0000000602c00000, 0x0000000603000000|  0%| F|  |TAMS 0x0000000602c00000| PB 0x0000000602c00000| Untracked 
|   7|0x0000000603000000, 0x0000000603000000, 0x0000000603400000|  0%| F|  |TAMS 0x0000000603000000| PB 0x0000000603000000| Untracked 
|   8|0x0000000603400000, 0x0000000603400000, 0x0000000603800000|  0%| F|  |TAMS 0x0000000603400000| PB 0x0000000603400000| Untracked 
|   9|0x0000000603800000, 0x0000000603800000, 0x0000000603c00000|  0%| F|  |TAMS 0x0000000603800000| PB 0x0000000603800000| Untracked 
|  10|0x0000000603c00000, 0x0000000603c00000, 0x0000000604000000|  0%| F|  |TAMS 0x0000000603c00000| PB 0x0000000603c00000| Untracked 
|  11|0x0000000604000000, 0x0000000604000000, 0x0000000604400000|  0%| F|  |TAMS 0x0000000604000000| PB 0x0000000604000000| Untracked 
|  12|0x0000000604400000, 0x0000000604400000, 0x0000000604800000|  0%| F|  |TAMS 0x0000000604400000| PB 0x0000000604400000| Untracked 
|  13|0x0000000604800000, 0x0000000604800000, 0x0000000604c00000|  0%| F|  |TAMS 0x0000000604800000| PB 0x0000000604800000| Untracked 
|  14|0x0000000604c00000, 0x0000000604c00000, 0x0000000605000000|  0%| F|  |TAMS 0x0000000604c00000| PB 0x0000000604c00000| Untracked 
|  15|0x0000000605000000, 0x0000000605000000, 0x0000000605400000|  0%| F|  |TAMS 0x0000000605000000| PB 0x0000000605000000| Untracked 
|  16|0x0000000605400000, 0x0000000605400000, 0x0000000605800000|  0%| F|  |TAMS 0x0000000605400000| PB 0x0000000605400000| Untracked 
|  17|0x0000000605800000, 0x0000000605800000, 0x0000000605c00000|  0%| F|  |TAMS 0x0000000605800000| PB 0x0000000605800000| Untracked 
|  18|0x0000000605c00000, 0x0000000605c00000, 0x0000000606000000|  0%| F|  |TAMS 0x0000000605c00000| PB 0x0000000605c00000| Untracked 
|  19|0x0000000606000000, 0x0000000606000000, 0x0000000606400000|  0%| F|  |TAMS 0x0000000606000000| PB 0x0000000606000000| Untracked 
|  20|0x0000000606400000, 0x0000000606400000, 0x0000000606800000|  0%| F|  |TAMS 0x0000000606400000| PB 0x0000000606400000| Untracked 
|  21|0x0000000606800000, 0x0000000606800000, 0x0000000606c00000|  0%| F|  |TAMS 0x0000000606800000| PB 0x0000000606800000| Untracked 
|  22|0x0000000606c00000, 0x0000000606c00000, 0x0000000607000000|  0%| F|  |TAMS 0x0000000606c00000| PB 0x0000000606c00000| Untracked 
|  23|0x0000000607000000, 0x0000000607000000, 0x0000000607400000|  0%| F|  |TAMS 0x0000000607000000| PB 0x0000000607000000| Untracked 
|  24|0x0000000607400000, 0x0000000607400000, 0x0000000607800000|  0%| F|  |TAMS 0x0000000607400000| PB 0x0000000607400000| Untracked 
|  25|0x0000000607800000, 0x0000000607800000, 0x0000000607c00000|  0%| F|  |TAMS 0x0000000607800000| PB 0x0000000607800000| Untracked 
|  26|0x0000000607c00000, 0x0000000607c00000, 0x0000000608000000|  0%| F|  |TAMS 0x0000000607c00000| PB 0x0000000607c00000| Untracked 
|  27|0x0000000608000000, 0x0000000608000000, 0x0000000608400000|  0%| F|  |TAMS 0x0000000608000000| PB 0x0000000608000000| Untracked 
|  28|0x0000000608400000, 0x0000000608400000, 0x0000000608800000|  0%| F|  |TAMS 0x0000000608400000| PB 0x0000000608400000| Untracked 
|  29|0x0000000608800000, 0x0000000608800000, 0x0000000608c00000|  0%| F|  |TAMS 0x0000000608800000| PB 0x0000000608800000| Untracked 
|  30|0x0000000608c00000, 0x0000000608c00000, 0x0000000609000000|  0%| F|  |TAMS 0x0000000608c00000| PB 0x0000000608c00000| Untracked 
|  31|0x0000000609000000, 0x0000000609000000, 0x0000000609400000|  0%| F|  |TAMS 0x0000000609000000| PB 0x0000000609000000| Untracked 
|  32|0x0000000609400000, 0x0000000609400000, 0x0000000609800000|  0%| F|  |TAMS 0x0000000609400000| PB 0x0000000609400000| Untracked 
|  33|0x0000000609800000, 0x0000000609800000, 0x0000000609c00000|  0%| F|  |TAMS 0x0000000609800000| PB 0x0000000609800000| Untracked 
|  34|0x0000000609c00000, 0x0000000609c00000, 0x000000060a000000|  0%| F|  |TAMS 0x0000000609c00000| PB 0x0000000609c00000| Untracked 
|  35|0x000000060a000000, 0x000000060a000000, 0x000000060a400000|  0%| F|  |TAMS 0x000000060a000000| PB 0x000000060a000000| Untracked 
|  36|0x000000060a400000, 0x000000060a400000, 0x000000060a800000|  0%| F|  |TAMS 0x000000060a400000| PB 0x000000060a400000| Untracked 
|  37|0x000000060a800000, 0x000000060a800000, 0x000000060ac00000|  0%| F|  |TAMS 0x000000060a800000| PB 0x000000060a800000| Untracked 
|  38|0x000000060ac00000, 0x000000060ac00000, 0x000000060b000000|  0%| F|  |TAMS 0x000000060ac00000| PB 0x000000060ac00000| Untracked 
|  39|0x000000060b000000, 0x000000060b000000, 0x000000060b400000|  0%| F|  |TAMS 0x000000060b000000| PB 0x000000060b000000| Untracked 
|  40|0x000000060b400000, 0x000000060b400000, 0x000000060b800000|  0%| F|  |TAMS 0x000000060b400000| PB 0x000000060b400000| Untracked 
|  41|0x000000060b800000, 0x000000060b800000, 0x000000060bc00000|  0%| F|  |TAMS 0x000000060b800000| PB 0x000000060b800000| Untracked 
|  42|0x000000060bc00000, 0x000000060bc00000, 0x000000060c000000|  0%| F|  |TAMS 0x000000060bc00000| PB 0x000000060bc00000| Untracked 
|  43|0x000000060c000000, 0x000000060c000000, 0x000000060c400000|  0%| F|  |TAMS 0x000000060c000000| PB 0x000000060c000000| Untracked 
|  44|0x000000060c400000, 0x000000060c400000, 0x000000060c800000|  0%| F|  |TAMS 0x000000060c400000| PB 0x000000060c400000| Untracked 
|  45|0x000000060c800000, 0x000000060c800000, 0x000000060cc00000|  0%| F|  |TAMS 0x000000060c800000| PB 0x000000060c800000| Untracked 
|  46|0x000000060cc00000, 0x000000060cc00000, 0x000000060d000000|  0%| F|  |TAMS 0x000000060cc00000| PB 0x000000060cc00000| Untracked 
|  47|0x000000060d000000, 0x000000060d000000, 0x000000060d400000|  0%| F|  |TAMS 0x000000060d000000| PB 0x000000060d000000| Untracked 
|  48|0x000000060d400000, 0x000000060d400000, 0x000000060d800000|  0%| F|  |TAMS 0x000000060d400000| PB 0x000000060d400000| Untracked 
|  49|0x000000060d800000, 0x000000060d800000, 0x000000060dc00000|  0%| F|  |TAMS 0x000000060d800000| PB 0x000000060d800000| Untracked 
|  50|0x000000060dc00000, 0x000000060dc00000, 0x000000060e000000|  0%| F|  |TAMS 0x000000060dc00000| PB 0x000000060dc00000| Untracked 
|  51|0x000000060e000000, 0x000000060e000000, 0x000000060e400000|  0%| F|  |TAMS 0x000000060e000000| PB 0x000000060e000000| Untracked 
|  52|0x000000060e400000, 0x000000060e400000, 0x000000060e800000|  0%| F|  |TAMS 0x000000060e400000| PB 0x000000060e400000| Untracked 
|  53|0x000000060e800000, 0x000000060e800000, 0x000000060ec00000|  0%| F|  |TAMS 0x000000060e800000| PB 0x000000060e800000| Untracked 
|  54|0x000000060ec00000, 0x000000060ec00000, 0x000000060f000000|  0%| F|  |TAMS 0x000000060ec00000| PB 0x000000060ec00000| Untracked 
|  55|0x000000060f000000, 0x000000060f000000, 0x000000060f400000|  0%| F|  |TAMS 0x000000060f000000| PB 0x000000060f000000| Untracked 
|  56|0x000000060f400000, 0x000000060f400000, 0x000000060f800000|  0%| F|  |TAMS 0x000000060f400000| PB 0x000000060f400000| Untracked 
|  57|0x000000060f800000, 0x000000060f800000, 0x000000060fc00000|  0%| F|  |TAMS 0x000000060f800000| PB 0x000000060f800000| Untracked 
|  58|0x000000060fc00000, 0x000000060fc00000, 0x0000000610000000|  0%| F|  |TAMS 0x000000060fc00000| PB 0x000000060fc00000| Untracked 
|  59|0x0000000610000000, 0x0000000610000000, 0x0000000610400000|  0%| F|  |TAMS 0x0000000610000000| PB 0x0000000610000000| Untracked 
|  60|0x0000000610400000, 0x0000000610400000, 0x0000000610800000|  0%| F|  |TAMS 0x0000000610400000| PB 0x0000000610400000| Untracked 
|  61|0x0000000610800000, 0x0000000610800000, 0x0000000610c00000|  0%| F|  |TAMS 0x0000000610800000| PB 0x0000000610800000| Untracked 
|  62|0x0000000610c00000, 0x0000000610c00000, 0x0000000611000000|  0%| F|  |TAMS 0x0000000610c00000| PB 0x0000000610c00000| Untracked 
|  63|0x0000000611000000, 0x0000000611000000, 0x0000000611400000|  0%| F|  |TAMS 0x0000000611000000| PB 0x0000000611000000| Untracked 
|  64|0x0000000611400000, 0x0000000611400000, 0x0000000611800000|  0%| F|  |TAMS 0x0000000611400000| PB 0x0000000611400000| Untracked 
|  65|0x0000000611800000, 0x0000000611800000, 0x0000000611c00000|  0%| F|  |TAMS 0x0000000611800000| PB 0x0000000611800000| Untracked 
|  66|0x0000000611c00000, 0x0000000611c00000, 0x0000000612000000|  0%| F|  |TAMS 0x0000000611c00000| PB 0x0000000611c00000| Untracked 
|  67|0x0000000612000000, 0x0000000612000000, 0x0000000612400000|  0%| F|  |TAMS 0x0000000612000000| PB 0x0000000612000000| Untracked 
|  68|0x0000000612400000, 0x0000000612400000, 0x0000000612800000|  0%| F|  |TAMS 0x0000000612400000| PB 0x0000000612400000| Untracked 
|  69|0x0000000612800000, 0x0000000612800000, 0x0000000612c00000|  0%| F|  |TAMS 0x0000000612800000| PB 0x0000000612800000| Untracked 
|  70|0x0000000612c00000, 0x0000000612c00000, 0x0000000613000000|  0%| F|  |TAMS 0x0000000612c00000| PB 0x0000000612c00000| Untracked 
|  71|0x0000000613000000, 0x0000000613000000, 0x0000000613400000|  0%| F|  |TAMS 0x0000000613000000| PB 0x0000000613000000| Untracked 
|  72|0x0000000613400000, 0x0000000613400000, 0x0000000613800000|  0%| F|  |TAMS 0x0000000613400000| PB 0x0000000613400000| Untracked 
|  73|0x0000000613800000, 0x0000000613800000, 0x0000000613c00000|  0%| F|  |TAMS 0x0000000613800000| PB 0x0000000613800000| Untracked 
|  74|0x0000000613c00000, 0x0000000613c00000, 0x0000000614000000|  0%| F|  |TAMS 0x0000000613c00000| PB 0x0000000613c00000| Untracked 
|  75|0x0000000614000000, 0x0000000614000000, 0x0000000614400000|  0%| F|  |TAMS 0x0000000614000000| PB 0x0000000614000000| Untracked 
|  76|0x0000000614400000, 0x0000000614400000, 0x0000000614800000|  0%| F|  |TAMS 0x0000000614400000| PB 0x0000000614400000| Untracked 
|  77|0x0000000614800000, 0x0000000614800000, 0x0000000614c00000|  0%| F|  |TAMS 0x0000000614800000| PB 0x0000000614800000| Untracked 
|  78|0x0000000614c00000, 0x0000000614c00000, 0x0000000615000000|  0%| F|  |TAMS 0x0000000614c00000| PB 0x0000000614c00000| Untracked 
|  79|0x0000000615000000, 0x0000000615000000, 0x0000000615400000|  0%| F|  |TAMS 0x0000000615000000| PB 0x0000000615000000| Untracked 
|  80|0x0000000615400000, 0x0000000615400000, 0x0000000615800000|  0%| F|  |TAMS 0x0000000615400000| PB 0x0000000615400000| Untracked 
|  81|0x0000000615800000, 0x0000000615800000, 0x0000000615c00000|  0%| F|  |TAMS 0x0000000615800000| PB 0x0000000615800000| Untracked 
|  82|0x0000000615c00000, 0x0000000615c00000, 0x0000000616000000|  0%| F|  |TAMS 0x0000000615c00000| PB 0x0000000615c00000| Untracked 
|  83|0x0000000616000000, 0x0000000616000000, 0x0000000616400000|  0%| F|  |TAMS 0x0000000616000000| PB 0x0000000616000000| Untracked 
|  84|0x0000000616400000, 0x0000000616400000, 0x0000000616800000|  0%| F|  |TAMS 0x0000000616400000| PB 0x0000000616400000| Untracked 
|  85|0x0000000616800000, 0x0000000616800000, 0x0000000616c00000|  0%| F|  |TAMS 0x0000000616800000| PB 0x0000000616800000| Untracked 
|  86|0x0000000616c00000, 0x0000000616c00000, 0x0000000617000000|  0%| F|  |TAMS 0x0000000616c00000| PB 0x0000000616c00000| Untracked 
|  87|0x0000000617000000, 0x0000000617000000, 0x0000000617400000|  0%| F|  |TAMS 0x0000000617000000| PB 0x0000000617000000| Untracked 
|  88|0x0000000617400000, 0x0000000617400000, 0x0000000617800000|  0%| F|  |TAMS 0x0000000617400000| PB 0x0000000617400000| Untracked 
|  89|0x0000000617800000, 0x0000000617800000, 0x0000000617c00000|  0%| F|  |TAMS 0x0000000617800000| PB 0x0000000617800000| Untracked 
|  90|0x0000000617c00000, 0x0000000617c00000, 0x0000000618000000|  0%| F|  |TAMS 0x0000000617c00000| PB 0x0000000617c00000| Untracked 
|  91|0x0000000618000000, 0x0000000618000000, 0x0000000618400000|  0%| F|  |TAMS 0x0000000618000000| PB 0x0000000618000000| Untracked 
|  92|0x0000000618400000, 0x0000000618400000, 0x0000000618800000|  0%| F|  |TAMS 0x0000000618400000| PB 0x0000000618400000| Untracked 
|  93|0x0000000618800000, 0x0000000618800000, 0x0000000618c00000|  0%| F|  |TAMS 0x0000000618800000| PB 0x0000000618800000| Untracked 
|  94|0x0000000618c00000, 0x0000000618c00000, 0x0000000619000000|  0%| F|  |TAMS 0x0000000618c00000| PB 0x0000000618c00000| Untracked 
|  95|0x0000000619000000, 0x0000000619000000, 0x0000000619400000|  0%| F|  |TAMS 0x0000000619000000| PB 0x0000000619000000| Untracked 
|  96|0x0000000619400000, 0x0000000619400000, 0x0000000619800000|  0%| F|  |TAMS 0x0000000619400000| PB 0x0000000619400000| Untracked 
|  97|0x0000000619800000, 0x0000000619800000, 0x0000000619c00000|  0%| F|  |TAMS 0x0000000619800000| PB 0x0000000619800000| Untracked 
|  98|0x0000000619c00000, 0x0000000619c00000, 0x000000061a000000|  0%| F|  |TAMS 0x0000000619c00000| PB 0x0000000619c00000| Untracked 
|  99|0x000000061a000000, 0x000000061a000000, 0x000000061a400000|  0%| F|  |TAMS 0x000000061a000000| PB 0x000000061a000000| Untracked 
| 100|0x000000061a400000, 0x000000061a400000, 0x000000061a800000|  0%| F|  |TAMS 0x000000061a400000| PB 0x000000061a400000| Untracked 
| 101|0x000000061a800000, 0x000000061a800000, 0x000000061ac00000|  0%| F|  |TAMS 0x000000061a800000| PB 0x000000061a800000| Untracked 
| 102|0x000000061ac00000, 0x000000061ac00000, 0x000000061b000000|  0%| F|  |TAMS 0x000000061ac00000| PB 0x000000061ac00000| Untracked 
| 103|0x000000061b000000, 0x000000061b000000, 0x000000061b400000|  0%| F|  |TAMS 0x000000061b000000| PB 0x000000061b000000| Untracked 
| 104|0x000000061b400000, 0x000000061b400000, 0x000000061b800000|  0%| F|  |TAMS 0x000000061b400000| PB 0x000000061b400000| Untracked 
| 105|0x000000061b800000, 0x000000061b800000, 0x000000061bc00000|  0%| F|  |TAMS 0x000000061b800000| PB 0x000000061b800000| Untracked 
| 106|0x000000061bc00000, 0x000000061bc00000, 0x000000061c000000|  0%| F|  |TAMS 0x000000061bc00000| PB 0x000000061bc00000| Untracked 
| 107|0x000000061c000000, 0x000000061c000000, 0x000000061c400000|  0%| F|  |TAMS 0x000000061c000000| PB 0x000000061c000000| Untracked 
| 108|0x000000061c400000, 0x000000061c400000, 0x000000061c800000|  0%| F|  |TAMS 0x000000061c400000| PB 0x000000061c400000| Untracked 
| 109|0x000000061c800000, 0x000000061c800000, 0x000000061cc00000|  0%| F|  |TAMS 0x000000061c800000| PB 0x000000061c800000| Untracked 
| 110|0x000000061cc00000, 0x000000061cc00000, 0x000000061d000000|  0%| F|  |TAMS 0x000000061cc00000| PB 0x000000061cc00000| Untracked 
| 111|0x000000061d000000, 0x000000061d000000, 0x000000061d400000|  0%| F|  |TAMS 0x000000061d000000| PB 0x000000061d000000| Untracked 
| 112|0x000000061d400000, 0x000000061d400000, 0x000000061d800000|  0%| F|  |TAMS 0x000000061d400000| PB 0x000000061d400000| Untracked 
| 113|0x000000061d800000, 0x000000061d800000, 0x000000061dc00000|  0%| F|  |TAMS 0x000000061d800000| PB 0x000000061d800000| Untracked 
| 114|0x000000061dc00000, 0x000000061dc00000, 0x000000061e000000|  0%| F|  |TAMS 0x000000061dc00000| PB 0x000000061dc00000| Untracked 
| 115|0x000000061e000000, 0x000000061e000000, 0x000000061e400000|  0%| F|  |TAMS 0x000000061e000000| PB 0x000000061e000000| Untracked 
| 116|0x000000061e400000, 0x000000061e400000, 0x000000061e800000|  0%| F|  |TAMS 0x000000061e400000| PB 0x000000061e400000| Untracked 
| 117|0x000000061e800000, 0x000000061e800000, 0x000000061ec00000|  0%| F|  |TAMS 0x000000061e800000| PB 0x000000061e800000| Untracked 
| 118|0x000000061ec00000, 0x000000061ec00000, 0x000000061f000000|  0%| F|  |TAMS 0x000000061ec00000| PB 0x000000061ec00000| Untracked 
| 119|0x000000061f000000, 0x000000061f000000, 0x000000061f400000|  0%| F|  |TAMS 0x000000061f000000| PB 0x000000061f000000| Untracked 
| 120|0x000000061f400000, 0x000000061f400000, 0x000000061f800000|  0%| F|  |TAMS 0x000000061f400000| PB 0x000000061f400000| Untracked 
| 121|0x000000061f800000, 0x000000061f800000, 0x000000061fc00000|  0%| F|  |TAMS 0x000000061f800000| PB 0x000000061f800000| Untracked 
| 122|0x000000061fc00000, 0x000000061fc7b628, 0x0000000620000000| 12%| E|  |TAMS 0x000000061fc00000| PB 0x000000061fc00000| Complete 
| 123|0x0000000620000000, 0x0000000620400000, 0x0000000620400000|100%| E|CS|TAMS 0x0000000620000000| PB 0x0000000620000000| Complete 
| 124|0x0000000620400000, 0x0000000620800000, 0x0000000620800000|100%| E|CS|TAMS 0x0000000620400000| PB 0x0000000620400000| Complete 
| 125|0x0000000620800000, 0x0000000620c00000, 0x0000000620c00000|100%| E|CS|TAMS 0x0000000620800000| PB 0x0000000620800000| Complete 
| 126|0x0000000620c00000, 0x0000000621000000, 0x0000000621000000|100%| E|CS|TAMS 0x0000000620c00000| PB 0x0000000620c00000| Complete 
| 127|0x0000000621000000, 0x0000000621400000, 0x0000000621400000|100%| E|CS|TAMS 0x0000000621000000| PB 0x0000000621000000| Complete 

Card table byte_map: [0x000002b9e7290000,0x000002b9e8290000] _byte_map_base: 0x000002b9e4286000

Marking Bits: (CMBitMap*) 0x000002b9cd271bd0
 Bits: [0x000002b9e9290000, 0x000002b9f1240000)

Polling page: 0x000002b9cd280000

Metaspace:

Usage:
  Non-class:      5.28 MB used.
      Class:    271.73 KB used.
       Both:      5.55 MB used.

Virtual space:
  Non-class space:       64.00 MB reserved,       5.38 MB (  8%) committed,  1 nodes.
      Class space:        1.00 GB reserved,     384.00 KB ( <1%) committed,  1 nodes.
             Both:        1.06 GB reserved,       5.75 MB ( <1%) committed. 

Chunk freelists:
   Non-Class:  233.00 KB
       Class:  3.56 MB
        Both:  3.79 MB

MaxMetaspaceSize: unlimited
CompressedClassSpaceSize: 1.00 GB
Initial GC threshold: 21.00 MB
Current GC threshold: 21.00 MB
CDS: on
MetaspaceReclaimPolicy: balanced
 - commit_granule_bytes: 65536.
 - commit_granule_words: 8192.
 - virtual_space_node_default_size: 8388608.
 - enlarge_chunks_in_place: 1.
 - new_chunks_are_fully_committed: 0.
 - uncommit_free_chunks: 1.
 - use_allocation_guard: 0.


Internal statistics:

num_allocs_failed_limit: 0.
num_arena_births: 68.
num_arena_deaths: 0.
num_vsnodes_births: 2.
num_vsnodes_deaths: 0.
num_space_committed: 90.
num_space_uncommitted: 0.
num_chunks_returned_to_freelist: 0.
num_chunks_taken_from_freelist: 215.
num_chunk_merges: 0.
num_chunk_splits: 166.
num_chunks_enlarged: 132.
num_inconsistent_stats: 0.

CodeHeap 'non-profiled nmethods': size=120000Kb used=276Kb max_used=276Kb free=119723Kb
 bounds [0x000002b9de520000, 0x000002b9de790000, 0x000002b9e5a50000]
CodeHeap 'profiled nmethods': size=120000Kb used=1537Kb max_used=1537Kb free=118462Kb
 bounds [0x000002b9d6a50000, 0x000002b9d6cc0000, 0x000002b9ddf80000]
CodeHeap 'non-nmethods': size=5760Kb used=2141Kb max_used=2168Kb free=3619Kb
 bounds [0x000002b9ddf80000, 0x000002b9de1f0000, 0x000002b9de520000]
 total_blobs=1923 nmethods=914 adapters=920
 compilation: enabled
              stopped_count=0, restarted_count=0
 full_count=0

Compilation events (20 events):
Event: 1.151 Thread 0x000002b9f3ba02f0  899       3       java.lang.invoke.LambdaForm$MH/0x0000000801030800::invokeExact_MT (23 bytes)
Event: 1.151 Thread 0x000002b9f3ba02f0 nmethod 899 0x000002b9d6bcbb90 code [0x000002b9d6bcbd80, 0x000002b9d6bcc4d8]
Event: 1.151 Thread 0x000002b9f3ba02f0  900       3       java.lang.invoke.LambdaForm$MH/0x0000000801030400::invoke (35 bytes)
Event: 1.151 Thread 0x000002b9f3ba02f0 nmethod 900 0x000002b9d6bcc710 code [0x000002b9d6bcc8e0, 0x000002b9d6bccea0]
Event: 1.151 Thread 0x000002b9f3ba02f0  901       3       java.lang.invoke.DirectMethodHandle$Holder::getLong (28 bytes)
Event: 1.151 Thread 0x000002b9f3ba02f0 nmethod 901 0x000002b9d6bcd090 code [0x000002b9d6bcd260, 0x000002b9d6bcd7d8]
Event: 1.151 Thread 0x000002b9f3ba02f0  902       3       java.lang.invoke.DirectMethodHandle::fieldOffset (9 bytes)
Event: 1.151 Thread 0x000002b9f3ba02f0 nmethod 902 0x000002b9d6bcd990 code [0x000002b9d6bcdb20, 0x000002b9d6bcdd10]
Event: 1.151 Thread 0x000002b9f3ba02f0  903       3       java.lang.invoke.DirectMethodHandle::checkBase (5 bytes)
Event: 1.151 Thread 0x000002b9f3ba02f0 nmethod 903 0x000002b9d6bcde10 code [0x000002b9d6bcdfc0, 0x000002b9d6bce218]
Event: 1.151 Thread 0x000002b9f3ba02f0  904       3       org.lwjgl.PointerBuffer::put (24 bytes)
Event: 1.152 Thread 0x000002b9f3ba02f0 nmethod 904 0x000002b9d6bce310 code [0x000002b9d6bce4c0, 0x000002b9d6bce818]
Event: 1.152 Thread 0x000002b9f3ba02f0  908       3       org.lwjgl.system.Checks::check (17 bytes)
Event: 1.152 Thread 0x000002b9f3ba02f0 nmethod 908 0x000002b9d6bce990 code [0x000002b9d6bceb40, 0x000002b9d6bcedb0]
Event: 1.152 Thread 0x000002b9f3ba02f0  909       3       org.lwjgl.system.CheckIntrinsics::checkIndex (6 bytes)
Event: 1.152 Thread 0x000002b9f3ba02f0 nmethod 909 0x000002b9d6bcef10 code [0x000002b9d6bcf0a0, 0x000002b9d6bcf238]
Event: 1.152 Thread 0x000002b9f3ba02f0  747       3       java.io.File::<init> (111 bytes)
Event: 1.152 Thread 0x000002b9f3ba02f0 nmethod 747 0x000002b9d6bcf310 code [0x000002b9d6bcf5c0, 0x000002b9d6bd01b8]
Event: 1.152 Thread 0x000002b9f3b77d40 nmethod 911 0x000002b9de560210 code [0x000002b9de5603a0, 0x000002b9de5607d0]
Event: 1.153 Thread 0x000002b9f3b77d40  912       4       java.lang.invoke.MethodType$ConcurrentWeakInternSet::get (47 bytes)

GC Heap History (0 events):
No events

Dll operation events (10 events):
Event: 0.039 Loaded shared library C:\Program Files\Java\jdk-20.0.1\bin\java.dll
Event: 0.040 Loaded shared library C:\Program Files\Java\jdk-20.0.1\bin\zip.dll
Event: 0.048 Loaded shared library C:\Program Files\Java\jdk-20.0.1\bin\jsvml.dll
Event: 0.468 Loaded shared library C:\Program Files\Java\jdk-20.0.1\bin\instrument.dll
Event: 0.507 Loaded shared library C:\Program Files\Java\jdk-20.0.1\bin\net.dll
Event: 0.509 Loaded shared library C:\Program Files\Java\jdk-20.0.1\bin\nio.dll
Event: 0.520 Loaded shared library C:\Program Files\Java\jdk-20.0.1\bin\zip.dll
Event: 0.591 Loaded shared library C:\Program Files\Java\jdk-20.0.1\bin\jimage.dll
Event: 0.620 Loaded shared library C:\Users\User\AppData\Local\Temp\lwjglUser\3.2.3-build-13\lwjgl.dll
Event: 0.920 Loaded shared library C:\Users\User\AppData\Local\Temp\lwjglUser\3.2.3-build-13\lwjgl_opengl.dll

Deoptimization events (20 events):
Event: 0.521 Thread 0x000002b9cd1c14c0 Uncommon trap: trap_request=0xffffffde fr.pc=0x000002b9de52db1c relative=0x0000000000000b9c
Event: 0.521 Thread 0x000002b9cd1c14c0 Uncommon trap: reason=class_check action=maybe_recompile pc=0x000002b9de52db1c method=java.util.HashMap.putVal(ILjava/lang/Object;Ljava/lang/Object;ZZ)Ljava/lang/Object; @ 152 c2
Event: 0.521 Thread 0x000002b9cd1c14c0 DEOPT PACKING pc=0x000002b9de52db1c sp=0x000000e9d94fe0a0
Event: 0.521 Thread 0x000002b9cd1c14c0 DEOPT UNPACKING pc=0x000002b9ddfe9d22 sp=0x000000e9d94fe050 mode 2
Event: 0.522 Thread 0x000002b9cd1c14c0 Uncommon trap: trap_request=0xffffffde fr.pc=0x000002b9de52db1c relative=0x0000000000000b9c
Event: 0.522 Thread 0x000002b9cd1c14c0 Uncommon trap: reason=class_check action=maybe_recompile pc=0x000002b9de52db1c method=java.util.HashMap.putVal(ILjava/lang/Object;Ljava/lang/Object;ZZ)Ljava/lang/Object; @ 152 c2
Event: 0.522 Thread 0x000002b9cd1c14c0 DEOPT PACKING pc=0x000002b9de52db1c sp=0x000000e9d94fe0a0
Event: 0.522 Thread 0x000002b9cd1c14c0 DEOPT UNPACKING pc=0x000002b9ddfe9d22 sp=0x000000e9d94fe050 mode 2
Event: 0.522 Thread 0x000002b9cd1c14c0 Uncommon trap: trap_request=0xffffffde fr.pc=0x000002b9de52db1c relative=0x0000000000000b9c
Event: 0.522 Thread 0x000002b9cd1c14c0 Uncommon trap: reason=class_check action=maybe_recompile pc=0x000002b9de52db1c method=java.util.HashMap.putVal(ILjava/lang/Object;Ljava/lang/Object;ZZ)Ljava/lang/Object; @ 152 c2
Event: 0.522 Thread 0x000002b9cd1c14c0 DEOPT PACKING pc=0x000002b9de52db1c sp=0x000000e9d94fe0a0
Event: 0.522 Thread 0x000002b9cd1c14c0 DEOPT UNPACKING pc=0x000002b9ddfe9d22 sp=0x000000e9d94fe050 mode 2
Event: 0.597 Thread 0x000002b9cd1c14c0 DEOPT PACKING pc=0x000002b9d6a74eda sp=0x000000e9d94fb3c0
Event: 0.597 Thread 0x000002b9cd1c14c0 DEOPT UNPACKING pc=0x000002b9ddfea4c2 sp=0x000000e9d94fa7e0 mode 0
Event: 0.970 Thread 0x000002b9cd1c14c0 Uncommon trap: trap_request=0xffffff54 fr.pc=0x000002b9de5501fc relative=0x000000000000007c
Event: 0.970 Thread 0x000002b9cd1c14c0 Uncommon trap: reason=speculate_null_assert action=make_not_entrant pc=0x000002b9de5501fc method=sun.misc.Unsafe.putLong(Ljava/lang/Object;JJ)V @ 7 c2
Event: 0.970 Thread 0x000002b9cd1c14c0 DEOPT PACKING pc=0x000002b9de5501fc sp=0x000000e9d94ff290
Event: 0.970 Thread 0x000002b9cd1c14c0 DEOPT UNPACKING pc=0x000002b9ddfe9d22 sp=0x000000e9d94ff228 mode 2
Event: 1.089 Thread 0x000002b9cd1c14c0 DEOPT PACKING pc=0x000002b9d6a9a381 sp=0x000000e9d94fe160
Event: 1.089 Thread 0x000002b9cd1c14c0 DEOPT UNPACKING pc=0x000002b9ddfea4c2 sp=0x000000e9d94fd5c0 mode 0

Classes loaded (20 events):
Event: 1.110 Loading class org/lwjgl/opengl/NVVertexAttribInteger64bit
Event: 1.110 Loading class org/lwjgl/opengl/NVVertexAttribInteger64bit done
Event: 1.110 Loading class org/lwjgl/opengl/NVVertexBufferUnifiedMemory
Event: 1.110 Loading class org/lwjgl/opengl/NVVertexBufferUnifiedMemory done
Event: 1.111 Loading class org/lwjgl/opengl/NVViewportSwizzle
Event: 1.111 Loading class org/lwjgl/opengl/NVViewportSwizzle done
Event: 1.111 Loading class org/lwjgl/opengl/NVXConditionalRender
Event: 1.111 Loading class org/lwjgl/opengl/NVXConditionalRender done
Event: 1.111 Loading class org/lwjgl/opengl/NVXGpuMulticast2
Event: 1.111 Loading class org/lwjgl/opengl/NVXGpuMulticast2 done
Event: 1.112 Loading class org/lwjgl/opengl/NVXProgressFence
Event: 1.112 Loading class org/lwjgl/opengl/NVXProgressFence done
Event: 1.112 Loading class org/lwjgl/opengl/OVRMultiview
Event: 1.112 Loading class org/lwjgl/opengl/OVRMultiview done
Event: 1.113 Loading class jdk/internal/reflect/MethodHandleLongFieldAccessorImpl
Event: 1.113 Loading class jdk/internal/reflect/MethodHandleLongFieldAccessorImpl done
Event: 1.115 Loading class org/lwjgl/system/CheckIntrinsics
Event: 1.115 Loading class org/lwjgl/system/CheckIntrinsics done
Event: 1.152 Loading class org/lwjgl/system/MultiReleaseMemCopy
Event: 1.152 Loading class org/lwjgl/system/MultiReleaseMemCopy done

Classes unloaded (0 events):
No events

Classes redefined (0 events):
No events

Internal exceptions (20 events):
Event: 0.573 Thread 0x000002b9cd1c14c0 Exception <a 'java/lang/NoSuchMethodError'{0x0000000620e095d0}: 'void java.lang.invoke.DirectMethodHandle$Holder.invokeStatic(java.lang.Object, java.lang.Object)'> (0x0000000620e095d0) 
thrown [s\open\src\hotspot\share\interpreter\linkResolver.cpp, line 773]
Event: 0.574 Thread 0x000002b9cd1c14c0 Exception <a 'java/lang/NoSuchMethodError'{0x0000000620e13ba8}: 'void java.lang.System.load(java.lang.String, java.lang.Class)'> (0x0000000620e13ba8) 
thrown [s\open\src\hotspot\share\interpreter\linkResolver.cpp, line 773]
Event: 0.574 Thread 0x000002b9cd1c14c0 Exception <a 'java/lang/NoSuchMethodError'{0x0000000620e14578}: 'void java.lang.invoke.DirectMethodHandle$Holder.invokeSpecial(java.lang.Object, java.lang.Object, java.lang.Object)'> (0x0000000620e14578) 
thrown [s\open\src\hotspot\share\interpreter\linkResolver.cpp, line 773]
Event: 0.577 Thread 0x000002b9cd1c14c0 Exception <a 'java/lang/NoSuchMethodError'{0x0000000620e28550}: 'java.lang.Object java.lang.invoke.DirectMethodHandle$Holder.invokeStatic(java.lang.Object, java.lang.Object, int)'> (0x0000000620e28550) 
thrown [s\open\src\hotspot\share\interpreter\linkResolver.cpp, line 773]
Event: 0.578 Thread 0x000002b9cd1c14c0 Exception <a 'java/lang/NoSuchMethodError'{0x0000000620e33a50}: 'void java.lang.invoke.DelegatingMethodHandle$Holder.delegate(java.lang.Object, java.lang.Object, int, java.lang.Object)'> (0x0000000620e33a50) 
thrown [s\open\src\hotspot\share\interpreter\linkResolver.cpp, line 773]
Event: 0.579 Thread 0x000002b9cd1c14c0 Exception <a 'java/lang/NoSuchMethodError'{0x0000000620e376e0}: 'int java.lang.invoke.DirectMethodHandle$Holder.invokeSpecial(java.lang.Object, java.lang.Object, java.lang.Object)'> (0x0000000620e376e0) 
thrown [s\open\src\hotspot\share\interpreter\linkResolver.cpp, line 773]
Event: 0.583 Thread 0x000002b9cd1c14c0 Exception <a 'java/lang/NoSuchMethodError'{0x0000000620e53980}: 'void java.lang.System.loadLibrary(java.lang.String, java.lang.Class)'> (0x0000000620e53980) 
thrown [s\open\src\hotspot\share\interpreter\linkResolver.cpp, line 773]
Event: 0.624 Thread 0x000002b9cd1c14c0 Exception <a 'sun/nio/fs/WindowsException'{0x0000000620f44b70}> (0x0000000620f44b70) 
thrown [s\open\src\hotspot\share\prims\jni.cpp, line 519]
Event: 0.625 Thread 0x000002b9cd1c14c0 Exception <a 'sun/nio/fs/WindowsException'{0x0000000620f46178}> (0x0000000620f46178) 
thrown [s\open\src\hotspot\share\prims\jni.cpp, line 519]
Event: 0.652 Thread 0x000002b9cd1c14c0 Exception <a 'sun/nio/fs/WindowsException'{0x0000000620820070}> (0x0000000620820070) 
thrown [s\open\src\hotspot\share\prims\jni.cpp, line 519]
Event: 0.652 Thread 0x000002b9cd1c14c0 Exception <a 'sun/nio/fs/WindowsException'{0x00000006208203d0}> (0x00000006208203d0) 
thrown [s\open\src\hotspot\share\prims\jni.cpp, line 519]
Event: 0.655 Thread 0x000002b9cd1c14c0 Exception <a 'java/lang/NoSuchMethodError'{0x0000000620832910}: 'int java.lang.invoke.Invokers$Holder.invokeExact_MT(java.lang.Object, java.lang.Object)'> (0x0000000620832910) 
thrown [s\open\src\hotspot\share\interpreter\linkResolver.cpp, line 773]
Event: 0.914 Thread 0x000002b9cd1c14c0 Exception <a 'java/lang/NoSuchMethodError'{0x00000006208a2e50}: 'void java.lang.System.load(java.lang.String, java.lang.Class)'> (0x00000006208a2e50) 
thrown [s\open\src\hotspot\share\interpreter\linkResolver.cpp, line 773]
Event: 0.915 Thread 0x000002b9cd1c14c0 Exception <a 'java/lang/NoSuchMethodError'{0x00000006208a5c38}: 'void java.lang.System.loadLibrary(java.lang.String, java.lang.Class)'> (0x00000006208a5c38) 
thrown [s\open\src\hotspot\share\interpreter\linkResolver.cpp, line 773]
Event: 0.918 Thread 0x000002b9cd1c14c0 Exception <a 'sun/nio/fs/WindowsException'{0x00000006208b58e8}> (0x00000006208b58e8) 
thrown [s\open\src\hotspot\share\prims\jni.cpp, line 519]
Event: 0.918 Thread 0x000002b9cd1c14c0 Exception <a 'sun/nio/fs/WindowsException'{0x00000006208b5c88}> (0x00000006208b5c88) 
thrown [s\open\src\hotspot\share\prims\jni.cpp, line 519]
Event: 0.921 Thread 0x000002b9cd1c14c0 Exception <a 'sun/nio/fs/WindowsException'{0x00000006208bbaa0}> (0x00000006208bbaa0) 
thrown [s\open\src\hotspot\share\prims\jni.cpp, line 519]
Event: 0.921 Thread 0x000002b9cd1c14c0 Exception <a 'sun/nio/fs/WindowsException'{0x00000006208bbd70}> (0x00000006208bbd70) 
thrown [s\open\src\hotspot\share\prims\jni.cpp, line 519]
Event: 1.113 Thread 0x000002b9cd1c14c0 Exception <a 'java/lang/NoSuchMethodError'{0x000000062026f0f8}: 'long java.lang.invoke.DelegatingMethodHandle$Holder.reinvoke_L(java.lang.Object, java.lang.Object)'> (0x000000062026f0f8) 
thrown [s\open\src\hotspot\share\interpreter\linkResolver.cpp, line 773]
Event: 1.114 Thread 0x000002b9cd1c14c0 Exception <a 'java/lang/NoSuchMethodError'{0x00000006202755d0}: 'long java.lang.invoke.Invokers$Holder.invokeExact_MT(java.lang.Object, java.lang.Object, java.lang.Object)'> (0x00000006202755d0) 
thrown [s\open\src\hotspot\share\interpreter\linkResolver.cpp, line 773]

VM Operations (4 events):
Event: 0.458 Executing VM operation: ChangeBreakpoints
Event: 0.458 Executing VM operation: ChangeBreakpoints done
Event: 0.461 Executing VM operation: ChangeBreakpoints
Event: 0.461 Executing VM operation: ChangeBreakpoints done

Events (15 events):
Event: 0.048 Thread 0x000002b9cd1c14c0 Thread added: 0x000002b9cd1c14c0
Event: 0.059 Thread 0x000002b9f3b5d590 Thread added: 0x000002b9f3b5d590
Event: 0.059 Thread 0x000002b9f3b5e390 Thread added: 0x000002b9f3b5e390
Event: 0.059 Thread 0x000002b9f3b62840 Thread added: 0x000002b9f3b62840
Event: 0.059 Thread 0x000002b9f3b662a0 Thread added: 0x000002b9f3b662a0
Event: 0.059 Thread 0x000002b9f3b66be0 Thread added: 0x000002b9f3b66be0
Event: 0.059 Thread 0x000002b9f3b67650 Thread added: 0x000002b9f3b67650
Event: 0.059 Thread 0x000002b9f3b77d40 Thread added: 0x000002b9f3b77d40
Event: 0.059 Thread 0x000002b9f3ba02f0 Thread added: 0x000002b9f3ba02f0
Event: 0.088 Thread 0x000002b9f14ca4b0 Thread added: 0x000002b9f14ca4b0
Event: 0.132 Thread 0x000002b9f3d442b0 Thread added: 0x000002b9f3d442b0
Event: 0.132 Thread 0x000002b9f3d48d40 Thread added: 0x000002b9f3d48d40
Event: 0.132 Thread 0x000002b9f3da8570 Thread added: 0x000002b9f3da8570
Event: 0.482 Thread 0x000002b9f3de81e0 Thread added: 0x000002b9f3de81e0
Event: 0.955 Thread 0x000002b9fe5eecb0 Thread added: 0x000002b9fe5eecb0


Dynamic libraries:
0x00007ff7bbf20000 - 0x00007ff7bbf2e000 	C:\Program Files\Java\jdk-20.0.1\bin\java.exe
0x00007ffba34f0000 - 0x00007ffba3707000 	C:\WINDOWS\SYSTEM32\ntdll.dll
0x00007ffba2cc0000 - 0x00007ffba2d84000 	C:\WINDOWS\System32\KERNEL32.DLL
0x00007ffba0830000 - 0x00007ffba0bd6000 	C:\WINDOWS\System32\KERNELBASE.dll
0x00007ffba0f10000 - 0x00007ffba1021000 	C:\WINDOWS\System32\ucrtbase.dll
0x00007ffb811f0000 - 0x00007ffb81207000 	C:\Program Files\Java\jdk-20.0.1\bin\jli.dll
0x00007ffb81210000 - 0x00007ffb8122b000 	C:\Program Files\Java\jdk-20.0.1\bin\VCRUNTIME140.dll
0x00007ffba3060000 - 0x00007ffba320e000 	C:\WINDOWS\System32\USER32.dll
0x00007ffb873c0000 - 0x00007ffb87653000 	C:\WINDOWS\WinSxS\amd64_microsoft.windows.common-controls_6595b64144ccf1df_6.0.22621.2506_none_270c5ae97388e100\COMCTL32.dll
0x00007ffba0e20000 - 0x00007ffba0e46000 	C:\WINDOWS\System32\win32u.dll
0x00007ffba2e40000 - 0x00007ffba2ee7000 	C:\WINDOWS\System32\msvcrt.dll
0x00007ffba22b0000 - 0x00007ffba22d9000 	C:\WINDOWS\System32\GDI32.dll
0x00007ffba0c60000 - 0x00007ffba0d78000 	C:\WINDOWS\System32\gdi32full.dll
0x00007ffba0d80000 - 0x00007ffba0e1a000 	C:\WINDOWS\System32\msvcp_win.dll
0x00007ffba2560000 - 0x00007ffba2591000 	C:\WINDOWS\System32\IMM32.DLL
0x00007ffb81ec0000 - 0x00007ffb81ecc000 	C:\Program Files\Java\jdk-20.0.1\bin\vcruntime140_1.dll
0x00007ffb762b0000 - 0x00007ffb7633e000 	C:\Program Files\Java\jdk-20.0.1\bin\msvcp140.dll
0x00007ffb2a2e0000 - 0x00007ffb2af77000 	C:\Program Files\Java\jdk-20.0.1\bin\server\jvm.dll
0x00007ffba24a0000 - 0x00007ffba2551000 	C:\WINDOWS\System32\ADVAPI32.dll
0x00007ffba2200000 - 0x00007ffba22a5000 	C:\WINDOWS\System32\sechost.dll
0x00007ffba2ba0000 - 0x00007ffba2cb7000 	C:\WINDOWS\System32\RPCRT4.dll
0x00007ffb97790000 - 0x00007ffb977c4000 	C:\WINDOWS\SYSTEM32\WINMM.dll
0x00007ffb87c00000 - 0x00007ffb87c09000 	C:\WINDOWS\SYSTEM32\WSOCK32.dll
0x00007ffb99ca0000 - 0x00007ffb99caa000 	C:\WINDOWS\SYSTEM32\VERSION.dll
0x00007ffba2f60000 - 0x00007ffba2fd1000 	C:\WINDOWS\System32\WS2_32.dll
0x00007ffb9f830000 - 0x00007ffb9f848000 	C:\WINDOWS\SYSTEM32\kernel.appcore.dll
0x00007ffb81250000 - 0x00007ffb8125a000 	C:\Program Files\Java\jdk-20.0.1\bin\jimage.dll
0x00007ffb953d0000 - 0x00007ffb95603000 	C:\WINDOWS\SYSTEM32\DBGHELP.DLL
0x00007ffba25a0000 - 0x00007ffba2929000 	C:\WINDOWS\System32\combase.dll
0x00007ffba2110000 - 0x00007ffba21e7000 	C:\WINDOWS\System32\OLEAUT32.dll
0x00007ffb81190000 - 0x00007ffb811c2000 	C:\WINDOWS\SYSTEM32\dbgcore.DLL
0x00007ffba0be0000 - 0x00007ffba0c5a000 	C:\WINDOWS\System32\bcryptPrimitives.dll
0x00007ffb68330000 - 0x00007ffb6836c000 	C:\Program Files\Java\jdk-20.0.1\bin\jdwp.dll
0x00007ffb86690000 - 0x00007ffb8669e000 	C:\Program Files\Java\jdk-20.0.1\bin\instrument.dll
0x00007ffb7d680000 - 0x00007ffb7d6a6000 	C:\Program Files\Java\jdk-20.0.1\bin\java.dll
0x00007ffb7d530000 - 0x00007ffb7d548000 	C:\Program Files\Java\jdk-20.0.1\bin\zip.dll
0x00007ffb71970000 - 0x00007ffb71a47000 	C:\Program Files\Java\jdk-20.0.1\bin\jsvml.dll
0x00007ffba13a0000 - 0x00007ffba1bfa000 	C:\WINDOWS\System32\SHELL32.dll
0x00007ffb9e750000 - 0x00007ffb9f046000 	C:\WINDOWS\SYSTEM32\windows.storage.dll
0x00007ffb9e610000 - 0x00007ffb9e74e000 	C:\WINDOWS\SYSTEM32\wintypes.dll
0x00007ffba1210000 - 0x00007ffba1303000 	C:\WINDOWS\System32\SHCORE.dll
0x00007ffba2f00000 - 0x00007ffba2f5e000 	C:\WINDOWS\System32\shlwapi.dll
0x00007ffba0760000 - 0x00007ffba0786000 	C:\WINDOWS\SYSTEM32\profapi.dll
0x00007ffb816f0000 - 0x00007ffb816fc000 	C:\Program Files\Java\jdk-20.0.1\bin\dt_socket.dll
0x00007ffb9f2f0000 - 0x00007ffb9f31d000 	C:\WINDOWS\SYSTEM32\IPHLPAPI.DLL
0x00007ffb9fcb0000 - 0x00007ffb9fd19000 	C:\WINDOWS\system32\mswsock.dll
0x00007ffb7d640000 - 0x00007ffb7d653000 	C:\Program Files\Java\jdk-20.0.1\bin\net.dll
0x00007ffb9adc0000 - 0x00007ffb9aef7000 	C:\WINDOWS\SYSTEM32\WINHTTP.dll
0x00007ffb7d620000 - 0x00007ffb7d636000 	C:\Program Files\Java\jdk-20.0.1\bin\nio.dll
0x00007ffb42180000 - 0x00007ffb421e4000 	C:\Users\User\AppData\Local\Temp\lwjglUser\3.2.3-build-13\lwjgl.dll
0x00007ffb42110000 - 0x00007ffb42172000 	C:\Users\User\AppData\Local\Temp\lwjglUser\3.2.3-build-13\glfw.dll
0x00007ffb9dd10000 - 0x00007ffb9ddbb000 	C:\WINDOWS\system32\uxtheme.dll
0x00007ffb41ce0000 - 0x00007ffb41d26000 	C:\WINDOWS\SYSTEM32\dinput8.dll
0x00007ffb7a7f0000 - 0x00007ffb7a801000 	C:\WINDOWS\SYSTEM32\xinput1_4.dll
0x00007ffba0520000 - 0x00007ffba056e000 	C:\WINDOWS\SYSTEM32\cfgmgr32.dll
0x00007ffba04f0000 - 0x00007ffba051c000 	C:\WINDOWS\SYSTEM32\DEVOBJ.dll
0x00007ffb9dfd0000 - 0x00007ffb9dffb000 	C:\WINDOWS\SYSTEM32\dwmapi.dll
0x00007ffb920b0000 - 0x00007ffb922ba000 	C:\WINDOWS\SYSTEM32\inputhost.dll
0x00007ffb9d7b0000 - 0x00007ffb9d8e3000 	C:\WINDOWS\SYSTEM32\CoreMessaging.dll
0x00007ffba3310000 - 0x00007ffba3460000 	C:\WINDOWS\System32\MSCTF.dll
0x00007ffb9ff90000 - 0x00007ffb9ff9c000 	C:\WINDOWS\SYSTEM32\CRYPTBASE.DLL
0x00007ffb9f050000 - 0x00007ffb9f05e000 	C:\WINDOWS\SYSTEM32\HID.DLL
0x00007ffba1c00000 - 0x00007ffba2074000 	C:\WINDOWS\System32\SETUPAPI.DLL
0x00007ffba11a0000 - 0x00007ffba120b000 	C:\WINDOWS\System32\WINTRUST.dll
0x00007ffba1030000 - 0x00007ffba1196000 	C:\WINDOWS\System32\CRYPT32.dll
0x00007ffba0150000 - 0x00007ffba0162000 	C:\WINDOWS\SYSTEM32\MSASN1.dll
0x00007ffb46540000 - 0x00007ffb46640000 	C:\WINDOWS\SYSTEM32\opengl32.dll
0x00007ffb81260000 - 0x00007ffb8128d000 	C:\WINDOWS\SYSTEM32\GLU32.dll
0x00007ffb9de70000 - 0x00007ffb9dea6000 	C:\WINDOWS\SYSTEM32\dxcore.dll
0x00007ffba2d90000 - 0x00007ffba2e40000 	C:\WINDOWS\System32\clbcatq.dll
0x00007ffb1e6d0000 - 0x00007ffb2295a000 	C:\WINDOWS\System32\DriverStore\FileRepository\nvaeig.inf_amd64_1cfed4b2de3489bc\nvoglv64.dll
0x00007ffba29a0000 - 0x00007ffba2b40000 	C:\WINDOWS\System32\ole32.dll
0x00007ffba01e0000 - 0x00007ffba0208000 	C:\WINDOWS\SYSTEM32\bcrypt.dll
0x00007ffb9f5e0000 - 0x00007ffb9f5f4000 	C:\WINDOWS\SYSTEM32\WTSAPI32.dll
0x00007ffb99be0000 - 0x00007ffb99c12000 	C:\WINDOWS\SYSTEM32\cryptnet.dll
0x00007ffb99a80000 - 0x00007ffb99bd8000 	C:\WINDOWS\SYSTEM32\drvstore.dll
0x00007ffba0050000 - 0x00007ffba009b000 	C:\WINDOWS\SYSTEM32\wldp.dll
0x00007ffb9f850000 - 0x00007ffb9f884000 	C:\WINDOWS\SYSTEM32\ntmarta.dll
0x00007ffba00a0000 - 0x00007ffba00ed000 	C:\WINDOWS\SYSTEM32\powrprof.dll
0x00007ffba0030000 - 0x00007ffba0043000 	C:\WINDOWS\SYSTEM32\UMPDC.dll
0x00007ffb9fda0000 - 0x00007ffb9fe06000 	C:\WINDOWS\SYSTEM32\WINSTA.dll
0x00007ffb94510000 - 0x00007ffb9465a000 	C:\WINDOWS\SYSTEM32\textinputframework.dll
0x00007ffb9a740000 - 0x00007ffb9aaac000 	C:\WINDOWS\SYSTEM32\CoreUIComponents.dll
0x00007ffb3d890000 - 0x00007ffb3d8e9000 	C:\Users\User\AppData\Local\Temp\lwjglUser\3.2.3-build-13\lwjgl_opengl.dll

dbghelp: loaded successfully - version: 4.0.5 - missing functions: none
symbol engine: initialized successfully - sym options: 0x614 - pdb path: .;C:\Program Files\Java\jdk-20.0.1\bin;C:\WINDOWS\SYSTEM32;C:\WINDOWS\WinSxS\amd64_microsoft.windows.common-controls_6595b64144ccf1df_6.0.22621.2506_none_270c5ae97388e100;C:\Program Files\Java\jdk-20.0.1\bin\server;C:\Users\User\AppData\Local\Temp\lwjglUser\3.2.3-build-13;C:\WINDOWS\System32\DriverStore\FileRepository\nvaeig.inf_amd64_1cfed4b2de3489bc

VM Arguments:
jvm_args: -agentlib:jdwp=transport=dt_socket,address=127.0.0.1:51185,suspend=y,server=n -javaagent:C:\Users\User\AppData\Local\JetBrains\IdeaIC2023.3\captureAgent\debugger-agent.jar -Dfile.encoding=UTF-8 -Dsun.stdout.encoding=UTF-8 -Dsun.stderr.encoding=UTF-8 
java_command: Main -ea
java_class_path (initial): C:\Users\User\Desktop\GameEngine2D\out\production\classes;C:\Users\User\.gradle\caches\modules-2\files-2.1\org.lwjgl\lwjgl-assimp\3.2.3\f62aa07a20afbdd3097efc296c4841e0d29700eb\lwjgl-assimp-3.2.3.jar;C:\Users\User\.gradle\caches\modules-2\files-2.1\org.lwjgl\lwjgl-glfw\3.2.3\5e520d5c290c8b012545a8d34fa5db5ab051ea53\lwjgl-glfw-3.2.3.jar;C:\Users\User\.gradle\caches\modules-2\files-2.1\org.lwjgl\lwjgl-nfd\3.2.3\c44fee1043c022cf6614a28872d44cf114ca7737\lwjgl-nfd-3.2.3.jar;C:\Users\User\.gradle\caches\modules-2\files-2.1\org.lwjgl\lwjgl-openal\3.2.3\106742e805803ab9eab8e343f0fb31a3d263903c\lwjgl-openal-3.2.3.jar;C:\Users\User\.gradle\caches\modules-2\files-2.1\org.lwjgl\lwjgl-opengl\3.2.3\bdd534a323d0c8f54969b95e424b6ac8984f7d6e\lwjgl-opengl-3.2.3.jar;C:\Users\User\.gradle\caches\modules-2\files-2.1\org.lwjgl\lwjgl-stb\3.2.3\40eccaa4fa86fc815f2e17946a392fb5fdcc286a\lwjgl-stb-3.2.3.jar;C:\Users\User\.gradle\caches\modules-2\files-2.1\org.lwjgl\lwjgl\3.2.3\17a59ba0fe8d474ec9dbe0d5db40d2cfe59c4c08\lwjgl-3.2.3.jar;C:\Users\User\.gradle\caches\modules-2\files-2.1\org.joml\joml\1.9.23\2fe75c084b2c8b82dbf7106f46b9cdc444785acf\joml-1.9.23.jar;C:\Users\User\.gradle\caches\modules-2\files-2.1\org.lwjgl\lwjgl-assimp\3.2.3\4e60aeb75f0343c4a9ede4ef8b6b32ca702a00a3\lwjgl-assimp-3.2.3-natives-windows.jar;C:\Users\User\.gradle\caches\modules-2\files-2.1\org.lwjgl\lwjgl-glfw\3.2.3\b4d8a3477cdc2edcf7a5f1e822926be846223f54\lwjgl-glfw-3.2.3-natives-windows.jar;C:\Users\User\.gradle\caches\modules-2\files-2.1\org.lwjgl\lwjgl-nfd\3.2.3\32782f5f5c57769efb82af864e70b819c77bc891\lwjgl-nfd-3.2.3-natives-windows.jar;C:\Users\User\.gradle\caches\modules-2\files-2.1\org.lwjgl\lwjgl-openal\3.2.3\ec898e8ce11b5886f4f532a1536283ef2817758d\lwjgl-openal-3.2.3-natives-windows.jar;C:\Users\User\.gradle\caches\modules-2\files-2.1\org.lwjgl\lwjgl-opengl\3.2.3\e81cfc73ec8708e5e791ed770e4ec3edfc1bbab1\lwjgl-opengl-3.2.3-natives-windows.jar;C:\Users\User\.gradle\caches\modules-2\files-2.1\org.lwjgl\lwjgl-stb\3.2.3\817b21ec286f0ba3dcedb56a3bd275e6a9345be9\lwjgl-stb-3.2.3-natives-windows.jar;C:\Users\User\.gradle\caches\modules-2\files-2.1\org.lwjgl\lwjgl\3.2.3\27f32cd35349684745951e04388e8e00d681cdcd\lwjgl-3.2.3-natives-windows.jar;C:\Program Files\JetBrains\IntelliJ IDEA Community Edition 2023.1.2\lib\idea_rt.jar
Launcher Type: SUN_STANDARD

[Global flags]
     intx CICompilerCount                          = 3                                         {product} {ergonomic}
     uint ConcGCThreads                            = 2                                         {product} {ergonomic}
     uint G1ConcRefinementThreads                  = 6                                         {product} {ergonomic}
   size_t G1HeapRegionSize                         = 4194304                                   {product} {ergonomic}
    uintx GCDrainStackTargetSize                   = 64                                        {product} {ergonomic}
   size_t InitialHeapSize                          = 536870912                                 {product} {ergonomic}
   size_t MarkStackSize                            = 4194304                                   {product} {ergonomic}
   size_t MaxHeapSize                              = 8568963072                                {product} {ergonomic}
   size_t MaxNewSize                               = 5138022400                                {product} {ergonomic}
   size_t MinHeapDeltaBytes                        = 4194304                                   {product} {ergonomic}
   size_t MinHeapSize                              = 8388608                                   {product} {ergonomic}
    uintx NonNMethodCodeHeapSize                   = 5832780                                {pd product} {ergonomic}
    uintx NonProfiledCodeHeapSize                  = 122912730                              {pd product} {ergonomic}
    uintx ProfiledCodeHeapSize                     = 122912730                              {pd product} {ergonomic}
    uintx ReservedCodeCacheSize                    = 251658240                              {pd product} {ergonomic}
     bool SegmentedCodeCache                       = true                                      {product} {ergonomic}
   size_t SoftMaxHeapSize                          = 8568963072                             {manageable} {ergonomic}
     bool UseCompressedClassPointers               = true                           {product lp64_product} {ergonomic}
     bool UseCompressedOops                        = true                           {product lp64_product} {ergonomic}
     bool UseG1GC                                  = true                                      {product} {ergonomic}
     bool UseLargePagesIndividualAllocation        = false                                  {pd product} {ergonomic}

Logging:
Log output configuration:
 #0: stdout all=warning uptime,level,tags foldmultilines=false
 #1: stderr all=off uptime,level,tags foldmultilines=false

Environment Variables:
JAVA_HOME=C:\Program Files\Eclipse Adoptium\jdk-11.0.18.10-hotspot\
PATH=C:\Program Files\Java\jdk-20.0.1\bin;C:\Program Files\Eclipse Adoptium\jdk-11.0.18.10-hotspot\bin;C:\Program Files (x86)\Common Files\Intel\Shared Libraries\redist\intel64_win\compiler;C:\Program Files (x86)\Razer Chroma SDK\bin;C:\Program Files\Razer Chroma SDK\bin;C:\Program Files (x86)\Razer\ChromaBroadcast\bin;C:\Program Files\Razer\ChromaBroadcast\bin;C:\Program Files\Common Files\Oracle\Java\javapath;C:\Program Files (x86)\Common Files\Oracle\Java\javapath;C:\Windows\system32;C:\Windows;C:\Windows\System32\Wbem;C:\Windows\System32\WindowsPowerShell\v1.0\;C:\Windows\System32\OpenSSH\;C:\Program Files (x86)\NVIDIA Corporation\PhysX\Common;C:\Program Files\Intel\WiFi\bin\;C:\Program Files\Common Files\Intel\WirelessCommon\;C:\Program Files (x86)\GtkSharp\2.12\bin;C:\WINDOWS\system32;C:\WINDOWS;C:\WINDOWS\System32\Wbem;C:\WINDOWS\System32\WindowsPowerShell\v1.0\;C:\WINDOWS\System32\OpenSSH\;C:\Program Files\WorldPainter;C:\WINDOWS\system32\config\systemprofile\AppData\Local\Microsoft\WindowsApps;C:\Users\User\AppData\Local\Programs\Python\Python39\Scripts\;C:\Users\User\AppData\Local\Programs\Python\Python39\;C:\Users\User\AppData\Local\Microsoft\WindowsApps;C:\Program Files\JetBrains\IntelliJ IDEA Community Edition 2020.2.1\bin;C:\WINDOWS\system32;C:\WINDOWS;C:\WINDOWS\System32\Wbem;C:\WINDOWS\System32\WindowsPowerShell\v1.0\;C:\WINDOWS\System32\OpenSSH\;C:\Program Files\PuTTY\;C:\Program Files\Git\cmd;C:\Users\User\AppData\Local\Programs\Python\Python39\Scripts\;C:\Users\User\AppData\Local\Programs\Python\Python39\;C:\Users\User\AppData\Local\Microsoft\WindowsApps;C:\Program Files\JetBrains\IntelliJ IDEA Community Edition 2023.1.2\bin;;C:\Users\User\AppData\Local\Programs\Microsoft VS Code\bin;C:\Users\User\AppData\Local\GitHubDesktop\bin
USERNAME=User
OS=Windows_NT
PROCESSOR_IDENTIFIER=Intel64 Family 6 Model 158 Stepping 10, GenuineIntel
TMP=C:\Users\User\AppData\Local\Temp
TEMP=C:\Users\User\AppData\Local\Temp




---------------  S Y S T E M  ---------------

OS:
 Windows 11 , 64 bit Build 22621 (10.0.22621.2506)
OS uptime: 0 days 1:44 hours

CPU: total 6 (initial active 6) (6 cores per cpu, 1 threads per core) family 6 model 158 stepping 10 microcode 0xde, cx8, cmov, fxsr, mmx, 3dnowpref, sse, sse2, sse3, ssse3, sse4.1, sse4.2, popcnt, lzcnt, tsc, tscinvbit, avx, avx2, erms, clmul, bmi1, bmi2, adx, fma, vzeroupper, clflush, clflushopt, rdtscp, f16c

Memory: 4k page, system-wide physical 32683M (21999M free)
TotalPageFile size 37547M (AvailPageFile size 23724M)
current process WorkingSet (physical memory assigned to process): 112M, peak: 113M
current process commit charge ("private bytes"): 679M, peak: 680M

vm_info: OpenJDK 64-Bit Server VM (20.0.1+9-29) for windows-amd64 JRE (20.0.1+9-29), built on 2023-03-07T13:56:11Z by "mach5one" with MS VC++ 17.1 (VS2022)

END.
